WARNING: An illegal reflective access operation has occurred
WARNING: Illegal reflective access by io.netty.util.internal.ReflectionUtil (file:/Users/petercowling/.cache/firebase/emulators/firebase-database-emulator-v4.11.2.jar) to field sun.nio.ch.SelectorImpl.selectedKeys
WARNING: Please consider reporting this to the maintainers of io.netty.util.internal.ReflectionUtil
WARNING: Use --illegal-access=warn to enable warnings of further illegal reflective access operations
WARNING: All illegal access operations will be denied in a future release
13:01:47.374 [NamespaceSystem-akka.actor.default-dispatcher-4] INFO akka.event.slf4j.Slf4jLogger - Slf4jLogger started
13:01:47.470 [main] INFO com.firebase.server.forge.App$ - Listening at 127.0.0.1:9000
13:01:47.824 [NamespaceSystem-akka.actor.default-dispatcher-4] INFO com.firebase.core.namespace.NamespaceActor - reception-rules-test-default-rtdb successfully activated FBKV (SurveyIdle(0)) wait: 86ms, init: 0ms
13:01:48.064 [NamespaceSystem-blocking-namespace-operation-dispatcher-6] INFO com.firebase.core.namespace.StateManager - Namespace reception-rules-test-default-rtdb status Active to Active
13:01:55.404 [FirebaseWorkerPool-1-3] WARN com.firebase.core.persistence.backend.dummy.EmulatorMetadataPersistence - Multiple projectIds are not recommended in single project mode. Requested 
namespace reception-rules-test, but the emulator is configured for reception-rules-test-default-rtdb. To 
opt-out of single project mode add/set the singleProjectMode: false property in 
the firebase.json emulators config. 
13:01:55.408 [NamespaceSystem-akka.actor.default-dispatcher-7] INFO com.firebase.core.namespace.NamespaceActor - reception-rules-test successfully activated FBKV (SurveyIdle(0)) wait: 1ms, init: 0ms
13:01:55.496 [NamespaceSystem-blocking-namespace-operation-dispatcher-8] INFO com.firebase.core.namespace.StateManager - Namespace reception-rules-test status Active to Active
13:01:57.024 [Thread-0] INFO com.firebase.server.forge.App$ - Attempting graceful shutdown.
13:01:57.029 [NamespaceSystem-akka.actor.default-dispatcher-5] INFO com.firebase.core.namespace.Terminator$Terminator - 2 actors left to terminate: reception-rules-test-default-rtdb, reception-rules-test
13:01:57.031 [NamespaceSystem-akka.actor.default-dispatcher-7] INFO com.firebase.core.namespace.NamespaceActor - stopped namespace actor for reception-rules-test
13:01:57.031 [NamespaceSystem-akka.actor.default-dispatcher-4] INFO com.firebase.core.namespace.NamespaceActor - stopped namespace actor for reception-rules-test-default-rtdb
13:01:57.033 [Thread-0] INFO com.firebase.server.forge.App$ - Graceful shutdown complete.
