[debug] [2026-03-09T17:29:31.289Z] ----------------------------------------------------------------------
[debug] [2026-03-09T17:29:31.290Z] Command:       /Users/petercowling/.nvm/versions/node/v20.19.4/bin/node /Users/petercowling/Library/Caches/pnpm/dlx/10b34470e21e9de75703f23c361bbaa900087767f825031c08ebe3accb403fef/19cd3a575da-12cc/node_modules/.pnpm/firebase-tools@13.35.1_@types+node@25.3.5/node_modules/firebase-tools/lib/bin/firebase.js database:get /cashDiscrepancies --project prime-f3652
[debug] [2026-03-09T17:29:31.291Z] CLI Version:   13.35.1
[debug] [2026-03-09T17:29:31.291Z] Platform:      darwin
[debug] [2026-03-09T17:29:31.291Z] Node Version:  v20.19.4
[debug] [2026-03-09T17:29:31.291Z] Time:          Mon Mar 09 2026 18:29:31 GMT+0100 (Central European Standard Time)
[debug] [2026-03-09T17:29:31.291Z] ----------------------------------------------------------------------
[debug] 
[debug] [2026-03-09T17:29:31.292Z] >>> [apiv2][query] GET https://firebase-public.firebaseio.com/cli.json [none]
[debug] [2026-03-09T17:29:31.412Z] > command requires scopes: ["email","openid","https://www.googleapis.com/auth/cloudplatformprojects.readonly","https://www.googleapis.com/auth/firebase","https://www.googleapis.com/auth/cloud-platform"]
[debug] [2026-03-09T17:29:31.413Z] > authorizing via signed-in user (hostelpositano@gmail.com)
[debug] [2026-03-09T17:29:31.413Z] [iam] checking project prime-f3652 for permissions ["firebase.projects.get","firebasedatabase.instances.get"]
[debug] [2026-03-09T17:29:31.413Z] Checked if tokens are valid: false, expires at: 1772808779193
[debug] [2026-03-09T17:29:31.413Z] Checked if tokens are valid: false, expires at: 1772808779193
[debug] [2026-03-09T17:29:31.414Z] > refreshing access token with scopes: []
[debug] [2026-03-09T17:29:31.414Z] >>> [apiv2][query] POST https://www.googleapis.com/oauth2/v3/token [none]
[debug] [2026-03-09T17:29:31.414Z] >>> [apiv2][body] POST https://www.googleapis.com/oauth2/v3/token [omitted]
[debug] [2026-03-09T17:29:31.589Z] <<< [apiv2][status] POST https://www.googleapis.com/oauth2/v3/token 200
[debug] [2026-03-09T17:29:31.589Z] <<< [apiv2][body] POST https://www.googleapis.com/oauth2/v3/token [omitted]
[debug] [2026-03-09T17:29:31.609Z] >>> [apiv2][query] POST https://cloudresourcemanager.googleapis.com/v1/projects/prime-f3652:testIamPermissions [none]
[debug] [2026-03-09T17:29:31.609Z] >>> [apiv2][(partial)header] POST https://cloudresourcemanager.googleapis.com/v1/projects/prime-f3652:testIamPermissions x-goog-quota-user=projects/prime-f3652
[debug] [2026-03-09T17:29:31.609Z] >>> [apiv2][body] POST https://cloudresourcemanager.googleapis.com/v1/projects/prime-f3652:testIamPermissions {"permissions":["firebase.projects.get","firebasedatabase.instances.get"]}
[debug] [2026-03-09T17:29:31.762Z] <<< [apiv2][status] GET https://firebase-public.firebaseio.com/cli.json 200
[debug] [2026-03-09T17:29:31.762Z] <<< [apiv2][body] GET https://firebase-public.firebaseio.com/cli.json {"cloudBuildErrorAfter":1594252800000,"cloudBuildWarnAfter":1590019200000,"defaultNode10After":1594252800000,"minVersion":"3.0.5","node8DeploysDisabledAfter":1613390400000,"node8RuntimeDisabledAfter":1615809600000,"node8WarnAfter":1600128000000}
[debug] [2026-03-09T17:29:32.374Z] <<< [apiv2][status] POST https://cloudresourcemanager.googleapis.com/v1/projects/prime-f3652:testIamPermissions 200
[debug] [2026-03-09T17:29:32.374Z] <<< [apiv2][body] POST https://cloudresourcemanager.googleapis.com/v1/projects/prime-f3652:testIamPermissions {"permissions":["firebase.projects.get","firebasedatabase.instances.get"]}
[debug] [2026-03-09T17:29:32.374Z] Checked if tokens are valid: true, expires at: 1773080970589
[debug] [2026-03-09T17:29:32.374Z] Checked if tokens are valid: true, expires at: 1773080970589
[debug] [2026-03-09T17:29:32.374Z] >>> [apiv2][query] GET https://firebase.googleapis.com/v1beta1/projects/prime-f3652 [none]
[debug] [2026-03-09T17:29:32.830Z] <<< [apiv2][status] GET https://firebase.googleapis.com/v1beta1/projects/prime-f3652 200
[debug] [2026-03-09T17:29:32.831Z] <<< [apiv2][body] GET https://firebase.googleapis.com/v1beta1/projects/prime-f3652 {"projectId":"prime-f3652","projectNumber":"470933262322","displayName":"prime","name":"projects/prime-f3652","resources":{"hostingSite":"prime-f3652","realtimeDatabaseInstance":"prime-f3652-default-rtdb"},"state":"ACTIVE","etag":"1_b07fcd6c-944f-47a3-90a8-9e36315af70d"}
[debug] [2026-03-09T17:29:32.831Z] Checked if tokens are valid: true, expires at: 1773080970589
[debug] [2026-03-09T17:29:32.831Z] Checked if tokens are valid: true, expires at: 1773080970589
[debug] [2026-03-09T17:29:32.831Z] >>> [apiv2][query] GET https://firebasedatabase.googleapis.com/v1beta/projects/prime-f3652/locations/-/instances/prime-f3652-default-rtdb [none]
[debug] [2026-03-09T17:29:32.851Z] *** [apiv2] error from fetch(https://firebasedatabase.googleapis.com/v1beta/projects/prime-f3652/locations/-/instances/prime-f3652-default-rtdb, {"headers":{},"method":"GET","signal":{}}): FetchError: request to https://firebasedatabase.googleapis.com/v1beta/projects/prime-f3652/locations/-/instances/prime-f3652-default-rtdb failed, reason: getaddrinfo ENOTFOUND firebasedatabase.googleapis.com
[debug] [2026-03-09T17:29:32.852Z] Failed to make request to https://firebasedatabase.googleapis.com/v1beta/projects/prime-f3652/locations/-/instances/prime-f3652-default-rtdb
[debug] [2026-03-09T17:29:32.852Z] FirebaseError: Failed to make request to https://firebasedatabase.googleapis.com/v1beta/projects/prime-f3652/locations/-/instances/prime-f3652-default-rtdb
    at RetryOperation._fn (/Users/petercowling/Library/Caches/pnpm/dlx/10b34470e21e9de75703f23c361bbaa900087767f825031c08ebe3accb403fef/19cd3a575da-12cc/node_modules/.pnpm/firebase-tools@13.35.1_@types+node@25.3.5/node_modules/firebase-tools/lib/apiv2.js:261:31)
    at process.processTicksAndRejections (node:internal/process/task_queues:95:5)
[error] 
[error] Error: Failed to get instance details for instance: prime-f3652-default-rtdb. See firebase-debug.log for more details.
