
> @apps/cms@ build /Users/petercowling/base-shop/apps/cms
> next build --webpack

▲ Next.js 16.1.6 (webpack)
- Environments: .env.local, .env
- Experiments (use with caution):
  · cpus: 2
  ✓ externalDir

⚠ The "middleware" file convention is deprecated. Please use "proxy" instead. Learn more: https://nextjs.org/docs/messages/middleware-to-proxy
  Creating an optimized production build ...

<--- Last few GCs --->

[47290:0x130008000]   435638 ms: Scavenge (reduce) 4083.4 (4142.9) -> 4083.2 (4143.4) MB, 6.54 / 0.00 ms  (average mu = 0.451, current mu = 0.129) allocation failure; 
[47290:0x130008000]   439445 ms: Mark-Compact (reduce) 4083.8 (4143.4) -> 4081.5 (4144.1) MB, 3781.17 / 0.00 ms  (+ 257.5 ms in 92 steps since start of marking, biggest step 7.0 ms, walltime since start of marking 4118 ms) (average mu = 0.292, current mu 

<--- JS stacktrace --->

FATAL ERROR: Reached heap limit Allocation failed - JavaScript heap out of memory
----- Native stack trace -----

 1: 0x100d795b8 node::OOMErrorHandler(char const*, v8::OOMDetails const&) [/Users/petercowling/.nvm/versions/node/v20.19.4/bin/node]
 2: 0x100f37968 v8::internal::V8::FatalProcessOutOfMemory(v8::internal::Isolate*, char const*, v8::OOMDetails const&) [/Users/petercowling/.nvm/versions/node/v20.19.4/bin/node]
 3: 0x1011457bc v8::internal::Heap::GarbageCollectionReasonToString(v8::internal::GarbageCollectionReason) [/Users/petercowling/.nvm/versions/node/v20.19.4/bin/node]
 4: 0x101144124 v8::internal::Heap::CollectGarbage(v8::internal::AllocationSpace, v8::internal::GarbageCollectionReason, v8::GCCallbackFlags) [/Users/petercowling/.nvm/versions/node/v20.19.4/bin/node]
 5: 0x101139fc0 v8::internal::HeapAllocator::AllocateRawWithLightRetrySlowPath(int, v8::internal::AllocationType, v8::internal::AllocationOrigin, v8::internal::AllocationAlignment) [/Users/petercowling/.nvm/versions/node/v20.19.4/bin/node]
 6: 0x10113a818 v8::internal::HeapAllocator::AllocateRawWithRetryOrFailSlowPath(int, v8::internal::AllocationType, v8::internal::AllocationOrigin, v8::internal::AllocationAlignment) [/Users/petercowling/.nvm/versions/node/v20.19.4/bin/node]
 7: 0x10111ecf8 v8::internal::Factory::NewFillerObject(int, v8::internal::AllocationAlignment, v8::internal::AllocationType, v8::internal::AllocationOrigin) [/Users/petercowling/.nvm/versions/node/v20.19.4/bin/node]
 8: 0x10152be30 v8::internal::Runtime_AllocateInYoungGeneration(int, unsigned long*, v8::internal::Isolate*) [/Users/petercowling/.nvm/versions/node/v20.19.4/bin/node]
 9: 0x1018c0c44 Builtins_CEntry_Return1_ArgvOnStack_NoBuiltinExit [/Users/petercowling/.nvm/versions/node/v20.19.4/bin/node]
10: 0x10183a8a8 Builtins_GrowFastSmiOrObjectElements [/Users/petercowling/.nvm/versions/node/v20.19.4/bin/node]
11: 0x106e35a54 
12: 0x1067ccce0 
13: 0x107720ce8 
14: 0x10186f210 Builtins_AsyncFunctionAwaitResolveClosure [/Users/petercowling/.nvm/versions/node/v20.19.4/bin/node]
15: 0x10191cfb8 Builtins_PromiseFulfillReactionJob [/Users/petercowling/.nvm/versions/node/v20.19.4/bin/node]
16: 0x10185eb94 Builtins_RunMicrotasks [/Users/petercowling/.nvm/versions/node/v20.19.4/bin/node]
17: 0x1018363f4 Builtins_JSRunMicrotasksEntry [/Users/petercowling/.nvm/versions/node/v20.19.4/bin/node]
18: 0x1010b022c v8::internal::(anonymous namespace)::Invoke(v8::internal::Isolate*, v8::internal::(anonymous namespace)::InvokeParams const&) [/Users/petercowling/.nvm/versions/node/v20.19.4/bin/node]
19: 0x1010b0b58 v8::internal::(anonymous namespace)::InvokeWithTryCatch(v8::internal::Isolate*, v8::internal::(anonymous namespace)::InvokeParams const&) [/Users/petercowling/.nvm/versions/node/v20.19.4/bin/node]
20: 0x1010b0d44 v8::internal::Execution::TryRunMicrotasks(v8::internal::Isolate*, v8::internal::MicrotaskQueue*) [/Users/petercowling/.nvm/versions/node/v20.19.4/bin/node]
21: 0x1010dba34 v8::internal::MicrotaskQueue::RunMicrotasks(v8::internal::Isolate*) [/Users/petercowling/.nvm/versions/node/v20.19.4/bin/node]
22: 0x1010dc1c0 v8::internal::MicrotaskQueue::PerformCheckpoint(v8::Isolate*) [/Users/petercowling/.nvm/versions/node/v20.19.4/bin/node]
23: 0x101839ef0 Builtins_CallApiCallback [/Users/petercowling/.nvm/versions/node/v20.19.4/bin/node]
24: 0x10768f4e0 
25: 0x10183650c Builtins_JSEntryTrampoline [/Users/petercowling/.nvm/versions/node/v20.19.4/bin/node]
26: 0x1018361f4 Builtins_JSEntry [/Users/petercowling/.nvm/versions/node/v20.19.4/bin/node]
27: 0x1010b0274 v8::internal::(anonymous namespace)::Invoke(v8::internal::Isolate*, v8::internal::(anonymous namespace)::InvokeParams const&) [/Users/petercowling/.nvm/versions/node/v20.19.4/bin/node]
28: 0x1010afb08 v8::internal::Execution::Call(v8::internal::Isolate*, v8::internal::Handle<v8::internal::Object>, v8::internal::Handle<v8::internal::Object>, int, v8::internal::Handle<v8::internal::Object>*) [/Users/petercowling/.nvm/versions/node/v20.19.4/bin/node]
29: 0x100f53998 v8::Function::Call(v8::Local<v8::Context>, v8::Local<v8::Value>, int, v8::Local<v8::Value>*) [/Users/petercowling/.nvm/versions/node/v20.19.4/bin/node]
30: 0x100c90d5c node::InternalCallbackScope::Close() [/Users/petercowling/.nvm/versions/node/v20.19.4/bin/node]
31: 0x100c90fb4 node::InternalMakeCallback(node::Environment*, v8::Local<v8::Object>, v8::Local<v8::Object>, v8::Local<v8::Function>, int, v8::Local<v8::Value>*, node::async_context) [/Users/petercowling/.nvm/versions/node/v20.19.4/bin/node]
32: 0x100c912d4 node::MakeCallback(v8::Isolate*, v8::Local<v8::Object>, v8::Local<v8::Function>, int, v8::Local<v8::Value>*, node::async_context) [/Users/petercowling/.nvm/versions/node/v20.19.4/bin/node]
33: 0x100d0fe40 node::Environment::CheckImmediate(uv_check_s*) [/Users/petercowling/.nvm/versions/node/v20.19.4/bin/node]
34: 0x10181beec uv__run_check [/Users/petercowling/.nvm/versions/node/v20.19.4/bin/node]
35: 0x1018157e0 uv_run [/Users/petercowling/.nvm/versions/node/v20.19.4/bin/node]
36: 0x100c917e8 node::SpinEventLoopInternal(node::Environment*) [/Users/petercowling/.nvm/versions/node/v20.19.4/bin/node]
37: 0x100dbdeec node::NodeMainInstance::Run() [/Users/petercowling/.nvm/versions/node/v20.19.4/bin/node]
38: 0x100d3bcfc node::Start(int, char**) [/Users/petercowling/.nvm/versions/node/v20.19.4/bin/node]
39: 0x19ce160e0 start [/usr/lib/dyld]
/Users/petercowling/base-shop/apps/cms:
 ERR_PNPM_RECURSIVE_RUN_FIRST_FAIL  @apps/cms@ build: `next build --webpack`
Command failed with signal "SIGABRT"
time: command terminated abnormally
real 441.32
user 468.52
sys 112.03
          3909894144  maximum resident set size
                   0  average shared memory size
                   0  average unshared data size
                   0  average unshared stack size
             6735328  page reclaims
                  75  page faults
                   0  swaps
                   0  block input operations
                   0  block output operations
                  84  messages sent
                 100  messages received
                   1  signals received
               70303  voluntary context switches
             7068208  involuntary context switches
         14363958998  instructions retired
          6245353801  cycles elapsed
           146688896  peak memory footprint
