
> @apps/cms@ build /Users/petercowling/base-shop/apps/cms
> next build --webpack

▲ Next.js 16.1.6 (webpack)
- Environments: .env.local, .env
- Experiments (use with caution):
  · cpus: 2
  ✓ externalDir

⚠ The "middleware" file convention is deprecated. Please use "proxy" instead. Learn more: https://nextjs.org/docs/messages/middleware-to-proxy
  Creating an optimized production build ...

<--- Last few GCs --->

[68412:0x120008000]   539517 ms: Scavenge (reduce) 8110.0 (8239.0) -> 8109.8 (8239.5) MB, 56.00 / 0.00 ms  (average mu = 0.546, current mu = 0.430) allocation failure; 
[68412:0x120008000]   556114 ms: Mark-Compact (reduce) 8110.5 (8239.5) -> 8110.2 (8240.3) MB, 16595.62 / 0.00 ms  (average mu = 0.401, current mu = 0.292) allocation failure; scavenge might not succeed


<--- JS stacktrace --->

FATAL ERROR: Reached heap limit Allocation failed - JavaScript heap out of memory
----- Native stack trace -----

 1: 0x10410d5b8 node::OOMErrorHandler(char const*, v8::OOMDetails const&) [/Users/petercowling/.nvm/versions/node/v20.19.4/bin/node]
 2: 0x1042cb968 v8::internal::V8::FatalProcessOutOfMemory(v8::internal::Isolate*, char const*, v8::OOMDetails const&) [/Users/petercowling/.nvm/versions/node/v20.19.4/bin/node]
 3: 0x1044d97bc v8::internal::Heap::GarbageCollectionReasonToString(v8::internal::GarbageCollectionReason) [/Users/petercowling/.nvm/versions/node/v20.19.4/bin/node]
 4: 0x1044d8124 v8::internal::Heap::CollectGarbage(v8::internal::AllocationSpace, v8::internal::GarbageCollectionReason, v8::GCCallbackFlags) [/Users/petercowling/.nvm/versions/node/v20.19.4/bin/node]
 5: 0x1044cdfc0 v8::internal::HeapAllocator::AllocateRawWithLightRetrySlowPath(int, v8::internal::AllocationType, v8::internal::AllocationOrigin, v8::internal::AllocationAlignment) [/Users/petercowling/.nvm/versions/node/v20.19.4/bin/node]
 6: 0x1044ce818 v8::internal::HeapAllocator::AllocateRawWithRetryOrFailSlowPath(int, v8::internal::AllocationType, v8::internal::AllocationOrigin, v8::internal::AllocationAlignment) [/Users/petercowling/.nvm/versions/node/v20.19.4/bin/node]
 7: 0x1044b2cf8 v8::internal::Factory::NewFillerObject(int, v8::internal::AllocationAlignment, v8::internal::AllocationType, v8::internal::AllocationOrigin) [/Users/petercowling/.nvm/versions/node/v20.19.4/bin/node]
 8: 0x1048bfe30 v8::internal::Runtime_AllocateInYoungGeneration(int, unsigned long*, v8::internal::Isolate*) [/Users/petercowling/.nvm/versions/node/v20.19.4/bin/node]
 9: 0x104c54c44 Builtins_CEntry_Return1_ArgvOnStack_NoBuiltinExit [/Users/petercowling/.nvm/versions/node/v20.19.4/bin/node]
10: 0x104c70664 Builtins_ArrayPrototypeJoin [/Users/petercowling/.nvm/versions/node/v20.19.4/bin/node]
11: 0x10aa1b6e8 
12: 0x10a9d14ec 
13: 0x109b4fd40 
14: 0x109faf448 
15: 0x104c03210 Builtins_AsyncFunctionAwaitResolveClosure [/Users/petercowling/.nvm/versions/node/v20.19.4/bin/node]
16: 0x104cb0fb8 Builtins_PromiseFulfillReactionJob [/Users/petercowling/.nvm/versions/node/v20.19.4/bin/node]
17: 0x104bf2b94 Builtins_RunMicrotasks [/Users/petercowling/.nvm/versions/node/v20.19.4/bin/node]
18: 0x104bca3f4 Builtins_JSRunMicrotasksEntry [/Users/petercowling/.nvm/versions/node/v20.19.4/bin/node]
19: 0x10444422c v8::internal::(anonymous namespace)::Invoke(v8::internal::Isolate*, v8::internal::(anonymous namespace)::InvokeParams const&) [/Users/petercowling/.nvm/versions/node/v20.19.4/bin/node]
20: 0x104444b58 v8::internal::(anonymous namespace)::InvokeWithTryCatch(v8::internal::Isolate*, v8::internal::(anonymous namespace)::InvokeParams const&) [/Users/petercowling/.nvm/versions/node/v20.19.4/bin/node]
21: 0x104444d44 v8::internal::Execution::TryRunMicrotasks(v8::internal::Isolate*, v8::internal::MicrotaskQueue*) [/Users/petercowling/.nvm/versions/node/v20.19.4/bin/node]
22: 0x10446fa34 v8::internal::MicrotaskQueue::RunMicrotasks(v8::internal::Isolate*) [/Users/petercowling/.nvm/versions/node/v20.19.4/bin/node]
23: 0x1044701c0 v8::internal::MicrotaskQueue::PerformCheckpoint(v8::Isolate*) [/Users/petercowling/.nvm/versions/node/v20.19.4/bin/node]
24: 0x104bcdef0 Builtins_CallApiCallback [/Users/petercowling/.nvm/versions/node/v20.19.4/bin/node]
25: 0x10aa2cca0 
26: 0x104bca50c Builtins_JSEntryTrampoline [/Users/petercowling/.nvm/versions/node/v20.19.4/bin/node]
27: 0x104bca1f4 Builtins_JSEntry [/Users/petercowling/.nvm/versions/node/v20.19.4/bin/node]
28: 0x104444274 v8::internal::(anonymous namespace)::Invoke(v8::internal::Isolate*, v8::internal::(anonymous namespace)::InvokeParams const&) [/Users/petercowling/.nvm/versions/node/v20.19.4/bin/node]
29: 0x104443b08 v8::internal::Execution::Call(v8::internal::Isolate*, v8::internal::Handle<v8::internal::Object>, v8::internal::Handle<v8::internal::Object>, int, v8::internal::Handle<v8::internal::Object>*) [/Users/petercowling/.nvm/versions/node/v20.19.4/bin/node]
30: 0x1042e7998 v8::Function::Call(v8::Local<v8::Context>, v8::Local<v8::Value>, int, v8::Local<v8::Value>*) [/Users/petercowling/.nvm/versions/node/v20.19.4/bin/node]
31: 0x104024d5c node::InternalCallbackScope::Close() [/Users/petercowling/.nvm/versions/node/v20.19.4/bin/node]
32: 0x104024fb4 node::InternalMakeCallback(node::Environment*, v8::Local<v8::Object>, v8::Local<v8::Object>, v8::Local<v8::Function>, int, v8::Local<v8::Value>*, node::async_context) [/Users/petercowling/.nvm/versions/node/v20.19.4/bin/node]
33: 0x1040252d4 node::MakeCallback(v8::Isolate*, v8::Local<v8::Object>, v8::Local<v8::Function>, int, v8::Local<v8::Value>*, node::async_context) [/Users/petercowling/.nvm/versions/node/v20.19.4/bin/node]
34: 0x1040a3e40 node::Environment::CheckImmediate(uv_check_s*) [/Users/petercowling/.nvm/versions/node/v20.19.4/bin/node]
35: 0x104bafeec uv__run_check [/Users/petercowling/.nvm/versions/node/v20.19.4/bin/node]
36: 0x104ba97e0 uv_run [/Users/petercowling/.nvm/versions/node/v20.19.4/bin/node]
37: 0x1040257e8 node::SpinEventLoopInternal(node::Environment*) [/Users/petercowling/.nvm/versions/node/v20.19.4/bin/node]
38: 0x104151eec node::NodeMainInstance::Run() [/Users/petercowling/.nvm/versions/node/v20.19.4/bin/node]
39: 0x1040cfcfc node::Start(int, char**) [/Users/petercowling/.nvm/versions/node/v20.19.4/bin/node]
40: 0x19ce160e0 start [/usr/lib/dyld]
/Users/petercowling/base-shop/apps/cms:
 ERR_PNPM_RECURSIVE_RUN_FIRST_FAIL  @apps/cms@ build: `next build --webpack`
Command failed with signal "SIGABRT"
time: command terminated abnormally
real 557.46
user 544.43
sys 206.81
          4434542592  maximum resident set size
                   0  average shared memory size
                   0  average unshared data size
                   0  average unshared stack size
            15642403  page reclaims
                 798  page faults
                   0  swaps
                   0  block input operations
                   0  block output operations
                  84  messages sent
                  93  messages received
                   1  signals received
              145973  voluntary context switches
            12137308  involuntary context switches
         15771264968  instructions retired
          6712287454  cycles elapsed
           139542848  peak memory footprint
