
> @apps/cms@ build /Users/petercowling/base-shop/apps/cms
> next build --webpack

▲ Next.js 16.1.6 (webpack)
- Environments: .env.local, .env
- Experiments (use with caution):
  · cpus: 1
  ✓ externalDir

⚠ The "middleware" file convention is deprecated. Please use "proxy" instead. Learn more: https://nextjs.org/docs/messages/middleware-to-proxy
  Creating an optimized production build ...

<--- Last few GCs --->

[83591:0x138008000]   417778 ms: Mark-Compact (reduce) 8109.9 (8239.1) -> 8109.5 (8239.8) MB, 11251.62 / 0.00 ms  (average mu = 0.387, current mu = 0.307) allocation failure; scavenge might not succeed
[83591:0x138008000]   429228 ms: Mark-Compact (reduce) 8110.5 (8239.8) -> 8110.2 (8240.6) MB, 11444.96 / 0.00 ms  (average mu = 0.218, current mu = 0.000) allocation failure; scavenge might not succeed


<--- JS stacktrace --->

FATAL ERROR: Reached heap limit Allocation failed - JavaScript heap out of memory
----- Native stack trace -----

 1: 0x104fe15b8 node::OOMErrorHandler(char const*, v8::OOMDetails const&) [/Users/petercowling/.nvm/versions/node/v20.19.4/bin/node]
 2: 0x10519f968 v8::internal::V8::FatalProcessOutOfMemory(v8::internal::Isolate*, char const*, v8::OOMDetails const&) [/Users/petercowling/.nvm/versions/node/v20.19.4/bin/node]
 3: 0x1053ad7bc v8::internal::Heap::GarbageCollectionReasonToString(v8::internal::GarbageCollectionReason) [/Users/petercowling/.nvm/versions/node/v20.19.4/bin/node]
 4: 0x1053ac124 v8::internal::Heap::CollectGarbage(v8::internal::AllocationSpace, v8::internal::GarbageCollectionReason, v8::GCCallbackFlags) [/Users/petercowling/.nvm/versions/node/v20.19.4/bin/node]
 5: 0x1053a1fc0 v8::internal::HeapAllocator::AllocateRawWithLightRetrySlowPath(int, v8::internal::AllocationType, v8::internal::AllocationOrigin, v8::internal::AllocationAlignment) [/Users/petercowling/.nvm/versions/node/v20.19.4/bin/node]
 6: 0x1053a2818 v8::internal::HeapAllocator::AllocateRawWithRetryOrFailSlowPath(int, v8::internal::AllocationType, v8::internal::AllocationOrigin, v8::internal::AllocationAlignment) [/Users/petercowling/.nvm/versions/node/v20.19.4/bin/node]
 7: 0x105386cf8 v8::internal::Factory::NewFillerObject(int, v8::internal::AllocationAlignment, v8::internal::AllocationType, v8::internal::AllocationOrigin) [/Users/petercowling/.nvm/versions/node/v20.19.4/bin/node]
 8: 0x105793e30 v8::internal::Runtime_AllocateInYoungGeneration(int, unsigned long*, v8::internal::Isolate*) [/Users/petercowling/.nvm/versions/node/v20.19.4/bin/node]
 9: 0x105b28c44 Builtins_CEntry_Return1_ArgvOnStack_NoBuiltinExit [/Users/petercowling/.nvm/versions/node/v20.19.4/bin/node]
10: 0x105a9fff4 Builtins_StringSubstring [/Users/petercowling/.nvm/versions/node/v20.19.4/bin/node]
11: 0x10ae245e0 
12: 0x10b521c24 
13: 0x10aa53240 
14: 0x10ae75d48 
15: 0x105ad7210 Builtins_AsyncFunctionAwaitResolveClosure [/Users/petercowling/.nvm/versions/node/v20.19.4/bin/node]
16: 0x105b84fb8 Builtins_PromiseFulfillReactionJob [/Users/petercowling/.nvm/versions/node/v20.19.4/bin/node]
17: 0x105ac6b94 Builtins_RunMicrotasks [/Users/petercowling/.nvm/versions/node/v20.19.4/bin/node]
18: 0x105a9e3f4 Builtins_JSRunMicrotasksEntry [/Users/petercowling/.nvm/versions/node/v20.19.4/bin/node]
19: 0x10531822c v8::internal::(anonymous namespace)::Invoke(v8::internal::Isolate*, v8::internal::(anonymous namespace)::InvokeParams const&) [/Users/petercowling/.nvm/versions/node/v20.19.4/bin/node]
20: 0x105318b58 v8::internal::(anonymous namespace)::InvokeWithTryCatch(v8::internal::Isolate*, v8::internal::(anonymous namespace)::InvokeParams const&) [/Users/petercowling/.nvm/versions/node/v20.19.4/bin/node]
21: 0x105318d44 v8::internal::Execution::TryRunMicrotasks(v8::internal::Isolate*, v8::internal::MicrotaskQueue*) [/Users/petercowling/.nvm/versions/node/v20.19.4/bin/node]
22: 0x105343a34 v8::internal::MicrotaskQueue::RunMicrotasks(v8::internal::Isolate*) [/Users/petercowling/.nvm/versions/node/v20.19.4/bin/node]
23: 0x1053441c0 v8::internal::MicrotaskQueue::PerformCheckpoint(v8::Isolate*) [/Users/petercowling/.nvm/versions/node/v20.19.4/bin/node]
24: 0x105aa1ef0 Builtins_CallApiCallback [/Users/petercowling/.nvm/versions/node/v20.19.4/bin/node]
25: 0x10b5175c0 
26: 0x105a9e50c Builtins_JSEntryTrampoline [/Users/petercowling/.nvm/versions/node/v20.19.4/bin/node]
27: 0x105a9e1f4 Builtins_JSEntry [/Users/petercowling/.nvm/versions/node/v20.19.4/bin/node]
28: 0x105318274 v8::internal::(anonymous namespace)::Invoke(v8::internal::Isolate*, v8::internal::(anonymous namespace)::InvokeParams const&) [/Users/petercowling/.nvm/versions/node/v20.19.4/bin/node]
29: 0x105317b08 v8::internal::Execution::Call(v8::internal::Isolate*, v8::internal::Handle<v8::internal::Object>, v8::internal::Handle<v8::internal::Object>, int, v8::internal::Handle<v8::internal::Object>*) [/Users/petercowling/.nvm/versions/node/v20.19.4/bin/node]
30: 0x1051bb998 v8::Function::Call(v8::Local<v8::Context>, v8::Local<v8::Value>, int, v8::Local<v8::Value>*) [/Users/petercowling/.nvm/versions/node/v20.19.4/bin/node]
31: 0x104ef8d5c node::InternalCallbackScope::Close() [/Users/petercowling/.nvm/versions/node/v20.19.4/bin/node]
32: 0x104ef8fb4 node::InternalMakeCallback(node::Environment*, v8::Local<v8::Object>, v8::Local<v8::Object>, v8::Local<v8::Function>, int, v8::Local<v8::Value>*, node::async_context) [/Users/petercowling/.nvm/versions/node/v20.19.4/bin/node]
33: 0x104ef92d4 node::MakeCallback(v8::Isolate*, v8::Local<v8::Object>, v8::Local<v8::Function>, int, v8::Local<v8::Value>*, node::async_context) [/Users/petercowling/.nvm/versions/node/v20.19.4/bin/node]
34: 0x104f77e40 node::Environment::CheckImmediate(uv_check_s*) [/Users/petercowling/.nvm/versions/node/v20.19.4/bin/node]
35: 0x105a83eec uv__run_check [/Users/petercowling/.nvm/versions/node/v20.19.4/bin/node]
36: 0x105a7d7e0 uv_run [/Users/petercowling/.nvm/versions/node/v20.19.4/bin/node]
37: 0x104ef97e8 node::SpinEventLoopInternal(node::Environment*) [/Users/petercowling/.nvm/versions/node/v20.19.4/bin/node]
38: 0x105025eec node::NodeMainInstance::Run() [/Users/petercowling/.nvm/versions/node/v20.19.4/bin/node]
39: 0x104fa3cfc node::Start(int, char**) [/Users/petercowling/.nvm/versions/node/v20.19.4/bin/node]
40: 0x19ce160e0 start [/usr/lib/dyld]
/Users/petercowling/base-shop/apps/cms:
 ERR_PNPM_RECURSIVE_RUN_FIRST_FAIL  @apps/cms@ build: `next build --webpack`
Command failed with signal "SIGABRT"
time: command terminated abnormally
real 431.15
user 535.57
sys 173.51
          4654759936  maximum resident set size
                   0  average shared memory size
                   0  average unshared data size
                   0  average unshared stack size
            13043933  page reclaims
                 104  page faults
                   0  swaps
                   0  block input operations
                   0  block output operations
                  84  messages sent
                  96  messages received
                   1  signals received
               49813  voluntary context switches
            12202570  involuntary context switches
         15469188746  instructions retired
          7335380999  cycles elapsed
           122749312  peak memory footprint
