2025-11-28T12:21:02.630Z []
2025-11-28T12:27:00.428Z []
2025-11-28T12:50:53.895Z []
2025-11-28T12:56:50.426Z []
2025-11-28T13:24:49.420Z []
2025-11-28T13:30:15.598Z []
2025-11-28T17:10:43.617Z [{"id":"color-contrast","impact":"serious","nodes":[["h2"]]}]
2025-11-28T17:10:44.450Z [{"id":"color-contrast","impact":"serious","nodes":[["h2"]]}]
2025-11-28T17:10:44.919Z [{"id":"color-contrast","impact":"serious","nodes":[["h2"]]}]
2025-11-28T17:10:45.407Z [{"id":"color-contrast","impact":"serious","nodes":[["h2"]]}]
2025-11-28T17:10:46.007Z [{"id":"color-contrast","impact":"serious","nodes":[["h2"]]}]
2025-11-28T17:13:43.998Z [
  {
    "id": "color-contrast",
    "impact": "serious",
    "help": "Elements must meet minimum color contrast ratio thresholds",
    "nodes": [
      {
        "target": [
          "h2"
        ],
        "html": "<h2 style=\"font-size: 14px; font-weight: 400; line-height: 28px; margin: 0px 8px;\">Application error: a client-side exception has occurred while loading localhost (see the browser console for more inf",
        "failureSummary": "Fix any of the following:\n  Element has insufficient color contrast of 4.23 (foreground color: #ced1d5, background color: #5c5e62, font size: 10.5pt (14px), font weight: normal). Expected contrast ratio of 4.5:1"
      }
    ]
  }
]
2025-11-28T17:13:44.200Z [
  {
    "id": "color-contrast",
    "impact": "serious",
    "help": "Elements must meet minimum color contrast ratio thresholds",
    "nodes": [
      {
        "target": [
          "h2"
        ],
        "html": "<h2 style=\"font-size: 14px; font-weight: 400; line-height: 28px; margin: 0px 8px;\">Application error: a client-side exception has occurred while loading localhost (see the browser console for more inf",
        "failureSummary": "Fix any of the following:\n  Element has insufficient color contrast of 3.87 (foreground color: #cdd0d4, background color: #626367, font size: 10.5pt (14px), font weight: normal). Expected contrast ratio of 4.5:1"
      }
    ]
  }
]
2025-11-28T17:28:29.294Z [{"id":"color-contrast","impact":"serious","nodes":[["h2"]]}]
2025-11-28T17:28:29.980Z [{"id":"color-contrast","impact":"serious","nodes":[["h2"]]}]
2025-11-28T17:28:30.427Z [{"id":"color-contrast","impact":"serious","nodes":[["h2"]]}]
2025-11-28T17:28:30.873Z [{"id":"color-contrast","impact":"serious","nodes":[["h2"]]}]
2025-11-28T17:28:31.306Z [{"id":"color-contrast","impact":"serious","nodes":[["h2"]]}]
2025-11-28T17:28:31.743Z [{"id":"color-contrast","impact":"serious","nodes":[["h2"]]}]
2025-11-28T17:28:32.334Z [{"id":"color-contrast","impact":"serious","nodes":[["h2"]]}]
2025-11-28T17:29:48.162Z [{"id":"color-contrast","impact":"serious","help":"Elements must meet minimum color contrast ratio thresholds","helpUrl":"https://dequeuniversity.com/rules/axe/4.10/color-contrast?application=axeAPI","nodes":[{"target":["h2"],"summary":"Fix any of the following:\n  Element has insufficient color contrast of 1.13 (foreground color: #a3a6a9, background color: #b0b1b3, font size: 10.5pt (14px), font weight: normal). Expected contrast ratio of 4.5:1"}]}]
2025-11-28T17:40:02.468Z [
  {
    "id": "color-contrast",
    "impact": "serious",
    "help": "Elements must meet minimum color contrast ratio thresholds",
    "nodes": [
      {
        "target": [
          "h2"
        ],
        "html": "<h2 style=\"font-size: 14px; font-weight: 400; line-height: 28px; margin: 0px 8px;\">Application error: a client-side exception has occurred while loading localhost (see the browser console for more inf",
        "failureSummary": "Fix any of the following:\n  Element has insufficient color contrast of 1.07 (foreground color: #aeb1b4, background color: #a9aaac, font size: 10.5pt (14px), font weight: normal). Expected contrast ratio of 4.5:1"
      }
    ]
  }
]
2025-11-28T17:40:02.664Z [
  {
    "id": "color-contrast",
    "impact": "serious",
    "help": "Elements must meet minimum color contrast ratio thresholds",
    "nodes": [
      {
        "target": [
          "h2"
        ],
        "html": "<h2 style=\"font-size: 14px; font-weight: 400; line-height: 28px; margin: 0px 8px;\">Application error: a client-side exception has occurred while loading localhost (see the browser console for more inf",
        "failureSummary": "Fix any of the following:\n  Element has insufficient color contrast of 2.17 (foreground color: #bbbec1, background color: #7d7e81, font size: 10.5pt (14px), font weight: normal). Expected contrast ratio of 4.5:1"
      }
    ]
  }
]
2025-11-28T17:44:04.397Z [{"id":"color-contrast","impact":"serious","help":"Elements must meet minimum color contrast ratio thresholds","helpUrl":"https://dequeuniversity.com/rules/axe/4.10/color-contrast?application=axeAPI","nodes":[{"target":["h2"],"summary":"Fix any of the following:\n  Element has insufficient color contrast of 3.14 (foreground color: #cacdd1, background color: #6e6f73, font size: 10.5pt (14px), font weight: normal). Expected contrast ratio of 4.5:1"}]}]
2025-11-28T17:44:38.365Z []
2025-11-28T17:45:13.793Z [{"id":"color-contrast","impact":"serious","help":"Elements must meet minimum color contrast ratio thresholds","helpUrl":"https://dequeuniversity.com/rules/axe/4.10/color-contrast?application=axeAPI","nodes":[{"target":["h2"],"summary":"Fix any of the following:\n  Element has insufficient color contrast of 1.6 (foreground color: #b5b8bb, background color: #8e9092, font size: 10.5pt (14px), font weight: normal). Expected contrast ratio of 4.5:1"}]}]
2025-11-28T17:53:39.011Z [{"id":"color-contrast","impact":"serious","help":"Elements must meet minimum color contrast ratio thresholds","helpUrl":"https://dequeuniversity.com/rules/axe/4.10/color-contrast?application=axeAPI","nodes":[{"target":["h2"],"summary":"Fix any of the following:\n  Element has insufficient color contrast of 1.21 (foreground color: #b2b5b8, background color: #a3a4a6, font size: 10.5pt (14px), font weight: normal). Expected contrast ratio of 4.5:1"}]}]
2025-11-28T17:58:50.696Z [{"id":"color-contrast","impact":"serious","help":"Elements must meet minimum color contrast ratio thresholds","helpUrl":"https://dequeuniversity.com/rules/axe/4.10/color-contrast?application=axeAPI","nodes":[{"target":["h2"],"summary":"Fix any of the following:\n  Element has insufficient color contrast of 1.19 (foreground color: #b2b5b8, background color: #a4a5a7, font size: 10.5pt (14px), font weight: normal). Expected contrast ratio of 4.5:1"}]}]
2025-11-28T18:02:06.334Z [{"id":"color-contrast","impact":"serious","help":"Elements must meet minimum color contrast ratio thresholds","helpUrl":"https://dequeuniversity.com/rules/axe/4.10/color-contrast?application=axeAPI","nodes":[{"target":["h2"],"summary":"Fix any of the following:\n  Element has insufficient color contrast of 1.13 (foreground color: #a3a6a9, background color: #b0b1b3, font size: 10.5pt (14px), font weight: normal). Expected contrast ratio of 4.5:1"}]}]
2025-11-28T20:48:52.470Z [{"id":"color-contrast","impact":"serious","nodes":[["h2"]]}]
2025-11-28T20:48:53.018Z [{"id":"color-contrast","impact":"serious","nodes":[["h2"]]}]
2025-11-28T20:48:53.533Z [{"id":"color-contrast","impact":"serious","nodes":[["h2"]]}]
2025-11-28T20:48:54.006Z [{"id":"color-contrast","impact":"serious","nodes":[["h2"]]}]
2025-11-28T20:48:54.484Z [{"id":"color-contrast","impact":"serious","nodes":[["h2"]]}]
2025-11-28T20:48:54.946Z [{"id":"color-contrast","impact":"serious","nodes":[["h2"]]}]
2025-11-28T20:48:55.378Z [{"id":"color-contrast","impact":"serious","nodes":[["h2"]]}]
2025-11-28T20:48:55.825Z [{"id":"color-contrast","impact":"serious","nodes":[["h2"]]}]
2025-11-28T20:48:56.292Z [{"id":"color-contrast","impact":"serious","nodes":[["h2"]]}]
2025-11-28T20:49:40.455Z [{"id":"color-contrast","impact":"serious","help":"Elements must meet minimum color contrast ratio thresholds","helpUrl":"https://dequeuniversity.com/rules/axe/4.10/color-contrast?application=axeAPI","nodes":[{"target":["h2"],"summary":"Fix any of the following:\n  Element has insufficient color contrast of 1.34 (foreground color: #a0a3a6, background color: #bcbdbe, font size: 10.5pt (14px), font weight: normal). Expected contrast ratio of 4.5:1"}]}]
2025-11-28T20:58:46.406Z [
  {
    "id": "color-contrast",
    "impact": "serious",
    "help": "Elements must meet minimum color contrast ratio thresholds",
    "nodes": [
      {
        "target": [
          "h2"
        ],
        "html": "<h2 style=\"font-size: 14px; font-weight: 400; line-height: 28px; margin: 0px 8px;\">Application error: a client-side exception has occurred while loading localhost (see the browser console for more inf",
        "failureSummary": "Fix any of the following:\n  Element has insufficient color contrast of 1.13 (foreground color: #a3a6a9, background color: #b0b1b3, font size: 10.5pt (14px), font weight: normal). Expected contrast ratio of 4.5:1"
      }
    ]
  }
]
2025-11-28T20:58:46.616Z [
  {
    "id": "color-contrast",
    "impact": "serious",
    "help": "Elements must meet minimum color contrast ratio thresholds",
    "nodes": [
      {
        "target": [
          "h2"
        ],
        "html": "<h2 style=\"font-size: 14px; font-weight: 400; line-height: 28px; margin: 0px 8px;\">Application error: a client-side exception has occurred while loading localhost (see the browser console for more inf",
        "failureSummary": "Fix any of the following:\n  Element has insufficient color contrast of 1.5 (foreground color: #b6b9bd, background color: #959698, font size: 10.5pt (14px), font weight: normal). Expected contrast ratio of 4.5:1"
      }
    ]
  }
]
2025-11-28T20:58:47.260Z [
  {
    "id": "color-contrast",
    "impact": "serious",
    "help": "Elements must meet minimum color contrast ratio thresholds",
    "nodes": [
      {
        "target": [
          "h2"
        ],
        "html": "<h2 style=\"font-size: 14px; font-weight: 400; line-height: 28px; margin: 0px 8px;\">Application error: a client-side exception has occurred while loading localhost (see the browser console for more inf",
        "failureSummary": "Fix any of the following:\n  Element has insufficient color contrast of 3.16 (foreground color: #caced1, background color: #6e6f73, font size: 10.5pt (14px), font weight: normal). Expected contrast ratio of 4.5:1"
      }
    ]
  }
]
2025-11-28T21:00:46.001Z [{"id":"color-contrast","impact":"serious","help":"Elements must meet minimum color contrast ratio thresholds","helpUrl":"https://dequeuniversity.com/rules/axe/4.10/color-contrast?application=axeAPI","nodes":[{"target":["h2"],"summary":"Fix any of the following:\n  Element has insufficient color contrast of 1.82 (foreground color: #999b9e, background color: #d1d1d3, font size: 10.5pt (14px), font weight: normal). Expected contrast ratio of 4.5:1"}]}]
2025-11-28T21:01:20.077Z []
2025-11-28T21:03:01.022Z [{"id":"color-contrast","impact":"serious","help":"Elements must meet minimum color contrast ratio thresholds","helpUrl":"https://dequeuniversity.com/rules/axe/4.10/color-contrast?application=axeAPI","nodes":[{"target":["h2"],"summary":"Fix any of the following:\n  Element has insufficient color contrast of 1.84 (foreground color: #c1c5c8, background color: #8e9092, font size: 10.5pt (14px), font weight: normal). Expected contrast ratio of 4.5:1"}]}]
2025-11-28T21:11:27.022Z [{"id":"color-contrast","impact":"serious","help":"Elements must meet minimum color contrast ratio thresholds","helpUrl":"https://dequeuniversity.com/rules/axe/4.10/color-contrast?application=axeAPI","nodes":[{"target":["h2"],"summary":"Fix any of the following:\n  Element has insufficient color contrast of 1.21 (foreground color: #b2b5b8, background color: #a3a4a6, font size: 10.5pt (14px), font weight: normal). Expected contrast ratio of 4.5:1"}]}]
2025-11-28T21:14:33.672Z [{"id":"color-contrast","impact":"serious","help":"Elements must meet minimum color contrast ratio thresholds","helpUrl":"https://dequeuniversity.com/rules/axe/4.10/color-contrast?application=axeAPI","nodes":[{"target":["h2"],"summary":"Fix any of the following:\n  Element has insufficient color contrast of 1.09 (foreground color: #afb2b5, background color: #a9aaac, font size: 10.5pt (14px), font weight: normal). Expected contrast ratio of 4.5:1"}]}]
2025-11-28T21:17:50.399Z [{"id":"color-contrast","impact":"serious","help":"Elements must meet minimum color contrast ratio thresholds","helpUrl":"https://dequeuniversity.com/rules/axe/4.10/color-contrast?application=axeAPI","nodes":[{"target":["h2"],"summary":"Fix any of the following:\n  Element has insufficient color contrast of 1.34 (foreground color: #b3b6b9, background color: #9b9c9e, font size: 10.5pt (14px), font weight: normal). Expected contrast ratio of 4.5:1"}]}]
2025-11-29T08:46:32.396Z []
2025-11-29T08:47:32.807Z []
2025-11-29T08:47:36.178Z []
2025-11-29T08:47:41.231Z []
2025-11-29T08:47:56.779Z []
2025-11-29T08:48:15.400Z []
2025-11-29T08:48:29.077Z []
